Fri Feb 28 10:49:17 2014 :: Booting Database
 0 0 0 0 0 0 0 0 0 0 0 0 0 0 0 0 0 0 0 0 0 0 0 0 0 0 0 0 0 0 0 0
Fri Feb 28 10:49:17 2014 :: [*****] BOOT: ---------------------[ Boot Log ]--------------------
Fri Feb 28 10:49:17 2014 :: Loading commands
Fri Feb 28 10:49:17 2014 :: Loading sysdata configuration...
Fri Feb 28 10:49:17 2014 :: Loading socials
Fri Feb 28 10:49:17 2014 :: Loading skill table
Fri Feb 28 10:49:17 2014 :: Sorting skill table...
Fri Feb 28 10:49:17 2014 :: Remapping slots to sns
Fri Feb 28 10:49:17 2014 :: Loading classes
Fri Feb 28 10:49:17 2014 :: Loading races
Fri Feb 28 10:49:17 2014 :: Loading extended news data
Fri Feb 28 10:49:17 2014 :: [*****] BUG: load_news(): # not found
Fri Feb 28 10:49:17 2014 :: Loading stance data
Fri Feb 28 10:49:17 2014 :: [*****] BUG: Fread_stance: fopen
../system/stances.dat: No such file or directory
Fri Feb 28 10:49:17 2014 :: Loading herb table
Fri Feb 28 10:49:17 2014 :: Loading tongues
Fri Feb 28 10:49:17 2014 :: Making wizlist
Fri Feb 28 10:49:17 2014 :: Making retiredlist
Fri Feb 28 10:49:17 2014 :: Initializing request pipe
Fri Feb 28 10:49:17 2014 :: Initializing random number generator
Fri Feb 28 10:49:17 2014 :: Setting time and weather
Fri Feb 28 10:49:17 2014 :: Assigning gsn's
Fri Feb 28 10:49:17 2014 :: Reading in area files...
(help.are)
Fri Feb 28 10:49:17 2014 :: [*****] FILE: imc-help.are LINE: 29
Fri Feb 28 10:49:17 2014 :: [*****] BUG: add_help: duplicate: IMC.  Deleting.
Fri Feb 28 10:49:17 2014 :: [*****] FILE: imc-help.are LINE: 81
Fri Feb 28 10:49:17 2014 :: [*****] BUG: add_help: duplicate: RCHAT RIMM RCODE.  Deleting.
Fri Feb 28 10:49:17 2014 :: [*****] FILE: imc-help.are LINE: 124
Fri Feb 28 10:49:17 2014 :: [*****] BUG: add_help: duplicate: RTELL RREPLY.  Deleting.
Fri Feb 28 10:49:17 2014 :: [*****] FILE: imc-help.are LINE: 158
Fri Feb 28 10:49:17 2014 :: [*****] BUG: add_help: duplicate: RBEEP.  Deleting.
Fri Feb 28 10:49:17 2014 :: [*****] FILE: imc-help.are LINE: 192
Fri Feb 28 10:49:17 2014 :: [*****] BUG: add_help: duplicate: RCHANNELS RCHAN RINVIS.  Deleting.
Fri Feb 28 10:49:17 2014 :: [*****] FILE: imc-help.are LINE: 216
Fri Feb 28 10:49:17 2014 :: [*****] BUG: add_help: duplicate: 'IMC NOTES'.  Deleting.
Fri Feb 28 10:49:17 2014 :: [*****] FILE: imc-help.are LINE: 234
Fri Feb 28 10:49:17 2014 :: [*****] BUG: add_help: duplicate: 'IMC IMMORTAL COMMANDS' RINFO.  Deleting.
Fri Feb 28 10:49:17 2014 :: [*****] FILE: imc-help.are LINE: 259
Fri Feb 28 10:49:17 2014 :: [*****] BUG: add_help: duplicate: RSOCKETS.  Deleting.
Fri Feb 28 10:49:17 2014 :: [*****] FILE: imc-help.are LINE: 316
Fri Feb 28 10:49:17 2014 :: [*****] BUG: add_help: duplicate: RIGNORE.  Deleting.
Fri Feb 28 10:49:17 2014 :: [*****] FILE: imc-help.are LINE: 326
Fri Feb 28 10:49:17 2014 :: [*****] BUG: add_help: duplicate: MAILQUEUE.  Deleting.
(imc-help.are)
Fri Feb 28 10:49:17 2014 :: [*****] FILE: ice-help.are LINE: 45
Fri Feb 28 10:49:17 2014 :: [*****] BUG: add_help: duplicate: ICE.  Deleting.
Fri Feb 28 10:49:17 2014 :: [*****] FILE: ice-help.are LINE: 71
Fri Feb 28 10:49:17 2014 :: [*****] BUG: add_help: duplicate: ICE-INTRO.  Deleting.
Fri Feb 28 10:49:17 2014 :: [*****] FILE: ice-help.are LINE: 85
Fri Feb 28 10:49:17 2014 :: [*****] BUG: add_help: duplicate: ICHAN.  Deleting.
Fri Feb 28 10:49:17 2014 :: [*****] FILE: ice-help.are LINE: 129
Fri Feb 28 10:49:17 2014 :: [*****] BUG: add_help: duplicate: ICOMMAND.  Deleting.
Fri Feb 28 10:49:17 2014 :: [*****] FILE: ice-help.are LINE: 259
Fri Feb 28 10:49:17 2014 :: [*****] BUG: add_help: duplicate: ICE-POLICY.  Deleting.
(ice-help.are)
gods.are      : Rooms:  1200 - 1201  Objs:  1200 - 1200  Mobs:  1200 - 1200
limbo.are     : Rooms:     1 - 43    Objs:     2 - 99    Mobs:     1 - 99
newacad.are   : Rooms: 10300 - 10499 Objs: 10300 - 10499 Mobs: 10300 - 10499
newgate.are   : Rooms:   100 - 199   Objs:   100 - 199   Mobs:   100 - 199
newdark.are   : Rooms: 21000 - 21499 Objs: 21000 - 21435 Mobs: 21000 - 21499
haon.are      : Rooms:  6000 - 6156  Objs:  6000 - 6155  Mobs:  6000 - 6117
midennir.are  : Rooms:  3500 - 3590  Objs:  3500 - 3550  Mobs:  3500 - 3550
sewer.are     : Rooms:  7001 - 7445  Objs:  7190 - 7310  Mobs:  7000 - 7206
redferne.are  : Rooms:  7900 - 7918  Objs:  7909 - 7911  Mobs:  7900 - 7900
grove.are     : Rooms:  8901 - 8999  Objs:  8900 - 8919  Mobs:  8900 - 8911
dwarven.are   : Rooms:  6500 - 6554  Objs:  6502 - 6519  Mobs:  6500 - 6517
daycare.are   : Rooms:  6601 - 6651  Objs:  6600 - 6647  Mobs:  6600 - 6610
grave.are     : Rooms:  3600 - 3651  Objs:  3600 - 3613  Mobs:  3600 - 3605
chapel.are    : Rooms:  3405 - 3475  Objs:  3400 - 3430  Mobs:  3400 - 3416
astral.are    : Rooms:   800 - 899   Objs:   800 - 899   Mobs:   800 - 899
Build.are     : Rooms:  9500 - 9589  Objs:     0 - 0     Mobs:     0 - 0
pixie.are     : Rooms:  2070 - 2099  Objs:  2070 - 2076  Mobs:  2070 - 2073
export.are    : Rooms:  9810 - 9899  Objs:  9810 - 9899  Mobs:  9800 - 9899
srefuge.are   : Rooms:  1500 - 1599  Objs:  1500 - 1599  Mobs:  1500 - 1599
manor.are     : Rooms:  2400 - 2499  Objs:  2400 - 2499  Mobs:  2405 - 2484
unholy.are    : Rooms:  2101 - 2172  Objs:  2101 - 2150  Mobs:  2101 - 2120
gallery.are   : Rooms: 24800 - 24899 Objs: 24800 - 24899 Mobs: 24800 - 24899
Fri Feb 28 10:49:17 2014 :: Fixing exits
Fri Feb 28 10:49:17 2014 :: Initializing economy
Fri Feb 28 10:49:17 2014 :: Randomizing stance data
Fri Feb 28 10:49:17 2014 :: Resetting areas
Resetting: gods.are
Resetting: limbo.are
Resetting: newacad.are
Resetting: newgate.are
Resetting: newdark.are
Resetting: haon.are
Resetting: midennir.are
Resetting: sewer.are
Resetting: redferne.are
Resetting: grove.are
Resetting: dwarven.are
Resetting: daycare.are
Resetting: grave.are
Resetting: chapel.are
Resetting: astral.are
Resetting: Build.are
Resetting: pixie.are
Resetting: export.are
Resetting: srefuge.are
Resetting: manor.are
Resetting: unholy.are
Resetting: gallery.are
Fri Feb 28 10:49:17 2014 :: Loading buildlist
Fri Feb 28 10:49:17 2014 :: ../gods/Burzumishi
Fri Feb 28 10:49:17 2014 :: ../gods/Edmond
Fri Feb 28 10:49:17 2014 :: Loading boards
Fri Feb 28 10:49:17 2014 :: ../boards/inmortal.brd
Fri Feb 28 10:49:17 2014 :: ../boards/altodios.brd
Fri Feb 28 10:49:17 2014 :: Loading vault list
Fri Feb 28 10:49:17 2014 :: [*****] BUG: fread_word: EOF encountered on read.

Fri Feb 28 10:49:17 2014 :: ÿ
Fri Feb 28 10:49:17 2014 :: Invalid vault number - vault.lst
Fri Feb 28 10:49:17 2014 ::  Done vaults 
Fri Feb 28 10:49:17 2014 :: Loading clans
Fri Feb 28 10:49:17 2014 :: Loading clans...
Fri Feb 28 10:49:17 2014 :: vampiro.gui
Fri Feb 28 10:49:17 2014 :: Cannot open vault - ../clans/vampiro.gui.vault
Fri Feb 28 10:49:17 2014 :: druida.gui
Fri Feb 28 10:49:17 2014 :: Cannot open vault - ../clans/druida.gui.vault
Fri Feb 28 10:49:17 2014 :: guerrero.gui
Fri Feb 28 10:49:17 2014 :: Cannot open vault - ../clans/guerrero.gui.vault
Fri Feb 28 10:49:17 2014 :: augurer.gui
Fri Feb 28 10:49:17 2014 :: Cannot open vault - ../clans/augurer.gui.vault
Fri Feb 28 10:49:17 2014 :: ladron.gui
Fri Feb 28 10:49:17 2014 :: Cannot open vault - ../clans/ladron.gui.vault
Fri Feb 28 10:49:17 2014 :: clerigo.gui
Fri Feb 28 10:49:17 2014 :: Cannot open vault - ../clans/clerigo.gui.vault
Fri Feb 28 10:49:17 2014 :: mago.gui
Fri Feb 28 10:49:17 2014 :: Cannot open vault - ../clans/mago.gui.vault
Fri Feb 28 10:49:17 2014 :: asesino.gui
Fri Feb 28 10:49:17 2014 :: Cannot open vault - ../clans/asesino.gui.vault
Fri Feb 28 10:49:17 2014 :: $
Fri Feb 28 10:49:17 2014 ::  Done clans 
Fri Feb 28 10:49:17 2014 :: Loading member lists
Fri Feb 28 10:49:17 2014 :: [*****] BUG: Cannot open members.dat for reading
Fri Feb 28 10:49:17 2014 :: Loading councils
Fri Feb 28 10:49:17 2014 :: Loading deities...
Fri Feb 28 10:49:17 2014 :: _lilith_.dty
Fri Feb 28 10:49:17 2014 :: _burzumishi_.dty
Fri Feb 28 10:49:17 2014 :: $
Fri Feb 28 10:49:17 2014 ::  Done deities 
Fri Feb 28 10:49:17 2014 :: Loading deities
Fri Feb 28 10:49:17 2014 :: Loading councils...
Fri Feb 28 10:49:17 2014 :: $
Fri Feb 28 10:49:17 2014 ::  Done councils 
Fri Feb 28 10:49:17 2014 :: Loading watches
Fri Feb 28 10:49:17 2014 :: Loading bans
Fri Feb 28 10:49:17 2014 :: Done.
Fri Feb 28 10:49:17 2014 :: Loading reserved names
Fri Feb 28 10:49:17 2014 :: Loading noauction vnums
Fri Feb 28 10:49:17 2014 :: Loading corpses
Fri Feb 28 10:49:17 2014 :: Loading Immortal Hosts
Fri Feb 28 10:49:17 2014 :: Done.
Fri Feb 28 10:49:17 2014 :: Loading Hints
Fri Feb 28 10:49:17 2014 :: Loading Projects
Fri Feb 28 10:49:17 2014 :: Loading Morphs
Fri Feb 28 10:49:17 2014 :: Optimizing Morphs.
Fri Feb 28 10:49:17 2014 :: Done.
Fri Feb 28 10:49:17 2014 :: Loading Housing System, Home Accessories Data, and Home Auctioning System
Fri Feb 28 10:49:17 2014 :: [*****] BUG: fread_word: EOF encountered on read.

Fri Feb 28 10:49:17 2014 :: [*****] BUG: Cannot load house file: ~ÿ
Fri Feb 28 10:49:17 2014 :: [*****] BOOT: Cannot open homeaccessories.dat. Aborting loadup of accessories data.
Fri Feb 28 10:49:17 2014 :: [*****] BOOT: Cannot open homebuy.dat. Aborting loadup of home auction data.
Fri Feb 28 10:49:17 2014 :: Loading login messages
Fri Feb 28 10:49:17 2014 :: Loading Colors
Fri Feb 28 10:49:17 2014 :: Initializing socket
Fri Feb 28 10:49:17 2014 :: imc: imc2-1.03g smaug1.4a initializing
Fri Feb 28 10:49:17 2014 :: imc: Logging On
Fri Feb 28 10:49:17 2014 :: imc: hubswitch yes|no
Fri Feb 28 10:49:17 2014 :: imc: imc_readignores: couldn't open imc/rignores
Fri Feb 28 10:49:17 2014 :: imc: network initializing
Fri Feb 28 10:49:17 2014 :: imc: binding port 4005 for incoming connections
Fri Feb 28 10:49:17 2014 :: imc: imc_startup_port: bind: Address already in use
Fri Feb 28 10:49:17 2014 :: imc: Setting auto-optimize to run in 6 minutes.
Fri Feb 28 10:49:17 2014 :: imc: ICE client starting.
Fri Feb 28 10:49:17 2014 :: imc: Can't open imc/icec
Fri Feb 28 10:49:17 2014 :: Phantasiem III ready at address wowserver on port 4000.
Fri Feb 28 10:49:21 2014 :: Sock.sinaddr:  127.0.0.1, port -15381.
Fri Feb 28 10:49:45 2014 :: Sock.sinaddr:  127.0.0.1, port -15365.
Fri Feb 28 10:50:07 2014 :: Xermon@127.0.0.1 new Humano Guerrero.
Fri Feb 28 10:50:19 2014 :: Xermon has quit. (INRoom 101)
Resetting: newacad.are
Resetting: pixie.are
Resetting: newacad.are
Resetting: daycare.are
Resetting: newacad.are
Resetting: pixie.are
Fri Feb 28 10:55:17 2014 :: imc: Polling for fast hubs.
Fri Feb 28 10:56:17 2014 :: imc: Auto-optimizing hub connections.
Resetting: newacad.are
Resetting: daycare.are
Resetting: unholy.are
Resetting: srefuge.are
Resetting: manor.are
Resetting: newacad.are
Resetting: limbo.are
Resetting: newdark.are
Resetting: Build.are
Resetting: pixie.are
Resetting: newacad.are
Resetting: midennir.are
Resetting: grove.are
Resetting: dwarven.are
Resetting: daycare.are
Resetting: grave.are
Resetting: astral.are
Resetting: export.are
Resetting: haon.are
Resetting: gallery.are
Resetting: gods.are
Resetting: newacad.are
Resetting: newgate.are
Resetting: sewer.are
Resetting: redferne.are
Resetting: chapel.are
Resetting: pixie.are
Resetting: newacad.are
Resetting: daycare.are
Resetting: unholy.are
Resetting: srefuge.are
Resetting: newacad.are
Resetting: manor.are
Resetting: pixie.are
Resetting: newacad.are
Resetting: daycare.are
Resetting: newacad.are
Resetting: Build.are
Resetting: pixie.are
Resetting: grove.are
Resetting: dwarven.are
Resetting: unholy.are
Resetting: limbo.are
Resetting: newacad.are
Resetting: newdark.are
Resetting: haon.are
Resetting: daycare.are
Resetting: grave.are
Resetting: midennir.are
Resetting: chapel.are
Resetting: srefuge.are
Resetting: gallery.are
Resetting: newacad.are
Resetting: newgate.are
Resetting: astral.are
Resetting: pixie.are
Resetting: export.are
Resetting: gods.are
Resetting: redferne.are
Resetting: manor.are
Resetting: newacad.are
Resetting: sewer.are
Resetting: daycare.are
Resetting: newacad.are
Resetting: pixie.are
Resetting: unholy.are
Resetting: newacad.are
Resetting: daycare.are
Resetting: pixie.are
Resetting: newacad.are
Resetting: srefuge.are
Resetting: limbo.are
Resetting: Build.are
Resetting: manor.are
Resetting: newacad.are
Resetting: haon.are
Resetting: midennir.are
Resetting: daycare.are
Resetting: grave.are
Resetting: pixie.are
Resetting: grove.are
Resetting: dwarven.are
Resetting: chapel.are
Resetting: newacad.are
Resetting: newdark.are
Resetting: export.are
Resetting: gods.are
Resetting: newgate.are
Resetting: unholy.are
Resetting: gallery.are
Resetting: newacad.are
Resetting: daycare.are
Resetting: astral.are
Resetting: pixie.are
Resetting: redferne.are
Resetting: srefuge.are
Resetting: newacad.are
Resetting: sewer.are
Resetting: pixie.are
Resetting: manor.are
Resetting: newacad.are
Resetting: daycare.are
Resetting: newacad.are
Resetting: pixie.are
Resetting: unholy.are
Resetting: limbo.are
Resetting: daycare.are
Resetting: newacad.are
Resetting: midennir.are
Resetting: dwarven.are
Resetting: chapel.are
Resetting: Build.are
Resetting: srefuge.are
Resetting: newdark.are
Resetting: haon.are
Resetting: gods.are
Resetting: newacad.are
Resetting: grave.are
Resetting: pixie.are
Resetting: gallery.are
Resetting: newgate.are
Resetting: grove.are
Resetting: daycare.are
Resetting: newacad.are
Resetting: astral.are
Resetting: export.are
Resetting: manor.are
Resetting: sewer.are
Resetting: redferne.are
Resetting: pixie.are
Resetting: unholy.are
Resetting: newacad.are
Resetting: daycare.are
Resetting: newacad.are
Resetting: pixie.are
Resetting: srefuge.are
Resetting: newacad.are
Resetting: daycare.are
Resetting: midennir.are
Resetting: pixie.are
Resetting: limbo.are
Resetting: newacad.are
Resetting: manor.are
Resetting: unholy.are
Fri Feb 28 11:55:17 2014 :: imc: Polling for fast hubs.
Resetting: haon.are
Resetting: daycare.are
Resetting: Build.are
Fri Feb 28 11:56:17 2014 :: imc: Auto-optimizing hub connections.
Resetting: newacad.are
Resetting: newgate.are
Resetting: dwarven.are
Resetting: grave.are
Resetting: chapel.are
Resetting: gods.are
Resetting: newdark.are
Resetting: pixie.are
Resetting: srefuge.are
Resetting: newacad.are
Resetting: grove.are
Resetting: astral.are
Resetting: gallery.are
Resetting: redferne.are
Resetting: daycare.are
Resetting: newacad.are
Resetting: export.are
Resetting: sewer.are
Resetting: pixie.are
Resetting: newacad.are
Resetting: unholy.are
Resetting: daycare.are
Resetting: manor.are
Resetting: newacad.are
Resetting: pixie.are
Resetting: newacad.are
Resetting: srefuge.are
Resetting: haon.are
Resetting: midennir.are
Resetting: dwarven.are
Resetting: daycare.are
Resetting: grave.are
Resetting: limbo.are
Resetting: newacad.are
Resetting: newgate.are
Resetting: chapel.are
Resetting: pixie.are
Resetting: newdark.are
Resetting: grove.are
Resetting: Build.are
Resetting: gods.are
Resetting: newacad.are
Resetting: daycare.are
Resetting: astral.are
Resetting: pixie.are
Resetting: manor.are
Resetting: unholy.are
Resetting: newacad.are
Resetting: sewer.are
Resetting: gallery.are
Resetting: redferne.are
Resetting: daycare.are
Resetting: srefuge.are
Resetting: newacad.are
Resetting: export.are
Resetting: pixie.are
Resetting: newacad.are
Resetting: daycare.are
Resetting: newacad.are
Resetting: grave.are
Resetting: manor.are
Resetting: unholy.are
Resetting: dwarven.are
Resetting: pixie.are
Resetting: newacad.are
Resetting: midennir.are
Resetting: grove.are
Resetting: haon.are
Resetting: daycare.are
Resetting: Build.are
Resetting: srefuge.are
Resetting: limbo.are
Resetting: newacad.are
Resetting: newgate.are
Resetting: chapel.are
Resetting: astral.are
Resetting: newdark.are
Resetting: pixie.are
Resetting: gods.are
Resetting: newacad.are
Resetting: daycare.are
Resetting: redferne.are
Resetting: gallery.are
Resetting: newacad.are
Resetting: sewer.are
Resetting: manor.are
Resetting: pixie.are
Resetting: unholy.are
Resetting: newacad.are
Resetting: daycare.are
Resetting: export.are
Resetting: srefuge.are
Resetting: grave.are
Resetting: newacad.are
Resetting: pixie.are
Resetting: grove.are
Resetting: dwarven.are
Resetting: daycare.are
Resetting: newacad.are
Resetting: Build.are
Resetting: manor.are
Resetting: newacad.are
Resetting: haon.are
Resetting: midennir.are
Resetting: daycare.are
Resetting: pixie.are
Resetting: unholy.are
Resetting: newgate.are
Resetting: astral.are
Resetting: srefuge.are
Resetting: limbo.are
Resetting: newacad.are
Resetting: newdark.are
Resetting: redferne.are
Resetting: chapel.are
Resetting: gallery.are
Resetting: gods.are
Resetting: daycare.are
Resetting: newacad.are
Resetting: pixie.are
Resetting: export.are
Resetting: newacad.are
Resetting: sewer.are
Resetting: daycare.are
Resetting: manor.are
Resetting: newacad.are
Resetting: dwarven.are
Resetting: grave.are
Resetting: pixie.are
Resetting: srefuge.are
Resetting: unholy.are
Resetting: newacad.are
Resetting: grove.are
Resetting: daycare.are
Resetting: Build.are
Resetting: newacad.are
Resetting: haon.are
Resetting: pixie.are
Resetting: midennir.are
Resetting: astral.are
Resetting: gods.are
Resetting: newacad.are
Resetting: newdark.are
Resetting: daycare.are
Resetting: newgate.are
Resetting: chapel.are
Resetting: manor.are
Resetting: limbo.are
Resetting: newacad.are
Resetting: redferne.are
Resetting: pixie.are
Resetting: export.are
Resetting: srefuge.are
Resetting: gallery.are
Resetting: newacad.are
Resetting: daycare.are
Resetting: unholy.are
Fri Feb 28 12:55:17 2014 :: imc: Polling for fast hubs.
Resetting: sewer.are
Resetting: pixie.are
Fri Feb 28 12:56:17 2014 :: imc: Auto-optimizing hub connections.
Resetting: newacad.are
Resetting: grave.are
Resetting: dwarven.are
